Analysis & Synthesis report for hw07_simpleCPU
Wed Jan 12 14:18:48 2022
Quartus Prime Version 18.1.0 Build 625 09/12/2018 SJ Lite Edition


---------------------
; Table of Contents ;
---------------------
  1. Legal Notice
  2. Analysis & Synthesis Summary
  3. Analysis & Synthesis Settings
  4. Parallel Compilation
  5. Analysis & Synthesis Source Files Read
  6. Analysis & Synthesis Resource Usage Summary
  7. Analysis & Synthesis Resource Utilization by Entity
  8. State Machine - |hw07_simpleCPU|y
  9. Registers Removed During Synthesis
 10. General Register Statistics
 11. Multiplexer Restructuring Statistics (Restructuring Performed)
 12. Post-Synthesis Netlist Statistics for Top Partition
 13. Elapsed Time Per Partition
 14. Analysis & Synthesis Messages



----------------
; Legal Notice ;
----------------
Copyright (C) 2018  Intel Corporation. All rights reserved.
Your use of Intel Corporation's design tools, logic functions 
and other software and tools, and its AMPP partner logic 
functions, and any output files from any of the foregoing 
(including device programming or simulation files), and any 
associated documentation or information are expressly subject 
to the terms and conditions of the Intel Program License 
Subscription Agreement, the Intel Quartus Prime License Agreement,
the Intel FPGA IP License Agreement, or other applicable license
agreement, including, without limitation, that your use is for
the sole purpose of programming logic devices manufactured by
Intel and sold by Intel or its authorized distributors.  Please
refer to the applicable agreement for further details.



+----------------------------------------------------------------------------------+
; Analysis & Synthesis Summary                                                     ;
+------------------------------------+---------------------------------------------+
; Analysis & Synthesis Status        ; Successful - Wed Jan 12 14:18:48 2022       ;
; Quartus Prime Version              ; 18.1.0 Build 625 09/12/2018 SJ Lite Edition ;
; Revision Name                      ; hw07_simpleCPU                              ;
; Top-level Entity Name              ; hw07_simpleCPU                              ;
; Family                             ; Cyclone IV E                                ;
; Total logic elements               ; 398                                         ;
;     Total combinational functions  ; 394                                         ;
;     Dedicated logic registers      ; 55                                          ;
; Total registers                    ; 55                                          ;
; Total pins                         ; 67                                          ;
; Total virtual pins                 ; 0                                           ;
; Total memory bits                  ; 0                                           ;
; Embedded Multiplier 9-bit elements ; 0                                           ;
; Total PLLs                         ; 0                                           ;
+------------------------------------+---------------------------------------------+


+------------------------------------------------------------------------------------------------------------+
; Analysis & Synthesis Settings                                                                              ;
+------------------------------------------------------------------+--------------------+--------------------+
; Option                                                           ; Setting            ; Default Value      ;
+------------------------------------------------------------------+--------------------+--------------------+
; Device                                                           ; EP4CE115F29C7      ;                    ;
; Top-level entity name                                            ; hw07_simpleCPU     ; hw07_simpleCPU     ;
; Family name                                                      ; Cyclone IV E       ; Cyclone V          ;
; Use smart compilation                                            ; Off                ; Off                ;
; Enable parallel Assembler and Timing Analyzer during compilation ; On                 ; On                 ;
; Enable compact report table                                      ; Off                ; Off                ;
; Restructure Multiplexers                                         ; Auto               ; Auto               ;
; Create Debugging Nodes for IP Cores                              ; Off                ; Off                ;
; Preserve fewer node names                                        ; On                 ; On                 ;
; Intel FPGA IP Evaluation Mode                                    ; Enable             ; Enable             ;
; Verilog Version                                                  ; Verilog_2001       ; Verilog_2001       ;
; VHDL Version                                                     ; VHDL_1993          ; VHDL_1993          ;
; State Machine Processing                                         ; Auto               ; Auto               ;
; Safe State Machine                                               ; Off                ; Off                ;
; Extract Verilog State Machines                                   ; On                 ; On                 ;
; Extract VHDL State Machines                                      ; On                 ; On                 ;
; Ignore Verilog initial constructs                                ; Off                ; Off                ;
; Iteration limit for constant Verilog loops                       ; 5000               ; 5000               ;
; Iteration limit for non-constant Verilog loops                   ; 250                ; 250                ;
; Add Pass-Through Logic to Inferred RAMs                          ; On                 ; On                 ;
; Infer RAMs from Raw Logic                                        ; On                 ; On                 ;
; Parallel Synthesis                                               ; On                 ; On                 ;
; DSP Block Balancing                                              ; Auto               ; Auto               ;
; NOT Gate Push-Back                                               ; On                 ; On                 ;
; Power-Up Don't Care                                              ; On                 ; On                 ;
; Remove Redundant Logic Cells                                     ; Off                ; Off                ;
; Remove Duplicate Registers                                       ; On                 ; On                 ;
; Ignore CARRY Buffers                                             ; Off                ; Off                ;
; Ignore CASCADE Buffers                                           ; Off                ; Off                ;
; Ignore GLOBAL Buffers                                            ; Off                ; Off                ;
; Ignore ROW GLOBAL Buffers                                        ; Off                ; Off                ;
; Ignore LCELL Buffers                                             ; Off                ; Off                ;
; Ignore SOFT Buffers                                              ; On                 ; On                 ;
; Limit AHDL Integers to 32 Bits                                   ; Off                ; Off                ;
; Optimization Technique                                           ; Balanced           ; Balanced           ;
; Carry Chain Length                                               ; 70                 ; 70                 ;
; Auto Carry Chains                                                ; On                 ; On                 ;
; Auto Open-Drain Pins                                             ; On                 ; On                 ;
; Perform WYSIWYG Primitive Resynthesis                            ; Off                ; Off                ;
; Auto ROM Replacement                                             ; On                 ; On                 ;
; Auto RAM Replacement                                             ; On                 ; On                 ;
; Auto DSP Block Replacement                                       ; On                 ; On                 ;
; Auto Shift Register Replacement                                  ; Auto               ; Auto               ;
; Allow Shift Register Merging across Hierarchies                  ; Auto               ; Auto               ;
; Auto Clock Enable Replacement                                    ; On                 ; On                 ;
; Strict RAM Replacement                                           ; Off                ; Off                ;
; Allow Synchronous Control Signals                                ; On                 ; On                 ;
; Force Use of Synchronous Clear Signals                           ; Off                ; Off                ;
; Auto RAM Block Balancing                                         ; On                 ; On                 ;
; Auto RAM to Logic Cell Conversion                                ; Off                ; Off                ;
; Auto Resource Sharing                                            ; Off                ; Off                ;
; Allow Any RAM Size For Recognition                               ; Off                ; Off                ;
; Allow Any ROM Size For Recognition                               ; Off                ; Off                ;
; Allow Any Shift Register Size For Recognition                    ; Off                ; Off                ;
; Use LogicLock Constraints during Resource Balancing              ; On                 ; On                 ;
; Ignore translate_off and synthesis_off directives                ; Off                ; Off                ;
; Timing-Driven Synthesis                                          ; On                 ; On                 ;
; Report Parameter Settings                                        ; On                 ; On                 ;
; Report Source Assignments                                        ; On                 ; On                 ;
; Report Connectivity Checks                                       ; On                 ; On                 ;
; Ignore Maximum Fan-Out Assignments                               ; Off                ; Off                ;
; Synchronization Register Chain Length                            ; 2                  ; 2                  ;
; Power Optimization During Synthesis                              ; Normal compilation ; Normal compilation ;
; HDL message level                                                ; Level2             ; Level2             ;
; Suppress Register Optimization Related Messages                  ; Off                ; Off                ;
; Number of Removed Registers Reported in Synthesis Report         ; 5000               ; 5000               ;
; Number of Swept Nodes Reported in Synthesis Report               ; 5000               ; 5000               ;
; Number of Inverted Registers Reported in Synthesis Report        ; 100                ; 100                ;
; Clock MUX Protection                                             ; On                 ; On                 ;
; Auto Gated Clock Conversion                                      ; Off                ; Off                ;
; Block Design Naming                                              ; Auto               ; Auto               ;
; SDC constraint protection                                        ; Off                ; Off                ;
; Synthesis Effort                                                 ; Auto               ; Auto               ;
; Shift Register Replacement - Allow Asynchronous Clear Signal     ; On                 ; On                 ;
; Pre-Mapping Resynthesis Optimization                             ; Off                ; Off                ;
; Analysis & Synthesis Message Level                               ; Medium             ; Medium             ;
; Disable Register Merging Across Hierarchies                      ; Auto               ; Auto               ;
; Resource Aware Inference For Block RAM                           ; On                 ; On                 ;
+------------------------------------------------------------------+--------------------+--------------------+


+------------------------------------------+
; Parallel Compilation                     ;
+----------------------------+-------------+
; Processors                 ; Number      ;
+----------------------------+-------------+
; Number detected on machine ; 8           ;
; Maximum allowed            ; 4           ;
;                            ;             ;
; Average used               ; 1.00        ;
; Maximum used               ; 4           ;
;                            ;             ;
; Usage by Processor         ; % Time Used ;
;     Processor 1            ; 100.0%      ;
;     Processor 2            ;   0.0%      ;
;     Processors 3-4         ;   0.0%      ;
+----------------------------+-------------+


+---------------------------------------------------------------------------------------------------------------------------------------------------+
; Analysis & Synthesis Source Files Read                                                                                                            ;
+----------------------------------+-----------------+-----------------+------------------------------------------------------------------+---------+
; File Name with User-Entered Path ; Used in Netlist ; File Type       ; File Name with Absolute Path                                     ; Library ;
+----------------------------------+-----------------+-----------------+------------------------------------------------------------------+---------+
; hw07_simpleCPU.vhd               ; yes             ; User VHDL File  ; C:/Users/JUYI/Desktop/110-1 Micro System/hw07/hw07_simpleCPU.vhd ;         ;
; seven.vhd                        ; yes             ; User VHDL File  ; C:/Users/JUYI/Desktop/110-1 Micro System/hw07/seven.vhd          ;         ;
; seven_package.vhd                ; yes             ; User VHDL File  ; C:/Users/JUYI/Desktop/110-1 Micro System/hw07/seven_package.vhd  ;         ;
+----------------------------------+-----------------+-----------------+------------------------------------------------------------------+---------+


+---------------------------------------------------------+
; Analysis & Synthesis Resource Usage Summary             ;
+---------------------------------------------+-----------+
; Resource                                    ; Usage     ;
+---------------------------------------------+-----------+
; Estimated Total logic elements              ; 398       ;
;                                             ;           ;
; Total combinational functions               ; 394       ;
; Logic element usage by number of LUT inputs ;           ;
;     -- 4 input functions                    ; 277       ;
;     -- 3 input functions                    ; 62        ;
;     -- <=2 input functions                  ; 55        ;
;                                             ;           ;
; Logic elements by mode                      ;           ;
;     -- normal mode                          ; 366       ;
;     -- arithmetic mode                      ; 28        ;
;                                             ;           ;
; Total registers                             ; 55        ;
;     -- Dedicated logic registers            ; 55        ;
;     -- I/O registers                        ; 0         ;
;                                             ;           ;
; I/O pins                                    ; 67        ;
;                                             ;           ;
; Embedded Multiplier 9-bit elements          ; 0         ;
;                                             ;           ;
; Maximum fan-out node                        ; clk~input ;
; Maximum fan-out                             ; 55        ;
; Total fan-out                               ; 1682      ;
; Average fan-out                             ; 2.87      ;
+---------------------------------------------+-----------+


+----------------------------------------------------------------------------------------------------------------------------------------------------------------------------------------------------------------------+
; Analysis & Synthesis Resource Utilization by Entity                                                                                                                                                                  ;
+----------------------------+---------------------+---------------------------+-------------+--------------+---------+-----------+------+--------------+------------------------------+----------------+--------------+
; Compilation Hierarchy Node ; Combinational ALUTs ; Dedicated Logic Registers ; Memory Bits ; DSP Elements ; DSP 9x9 ; DSP 18x18 ; Pins ; Virtual Pins ; Full Hierarchy Name          ; Entity Name    ; Library Name ;
+----------------------------+---------------------+---------------------------+-------------+--------------+---------+-----------+------+--------------+------------------------------+----------------+--------------+
; |hw07_simpleCPU            ; 394 (352)           ; 55 (55)                   ; 0           ; 0            ; 0       ; 0         ; 67   ; 0            ; |hw07_simpleCPU              ; hw07_simpleCPU ; work         ;
;    |seven:sevbus|          ; 14 (14)             ; 0 (0)                     ; 0           ; 0            ; 0       ; 0         ; 0    ; 0            ; |hw07_simpleCPU|seven:sevbus ; seven          ; work         ;
;    |seven:sevrs|           ; 14 (14)             ; 0 (0)                     ; 0           ; 0            ; 0       ; 0         ; 0    ; 0            ; |hw07_simpleCPU|seven:sevrs  ; seven          ; work         ;
;    |seven:sevrt|           ; 14 (14)             ; 0 (0)                     ; 0           ; 0            ; 0       ; 0         ; 0    ; 0            ; |hw07_simpleCPU|seven:sevrt  ; seven          ; work         ;
+----------------------------+---------------------+---------------------------+-------------+--------------+---------+-----------+------+--------------+------------------------------+----------------+--------------+
Note: For table entries with two numbers listed, the numbers in parentheses indicate the number of resources of the given type used by the specific entity alone. The numbers listed outside of parentheses indicate the total resources of the given type used by the specific entity and all of its sub-entities in the hierarchy.


Encoding Type:  One-Hot
+--------------------------------------------------------------------------+
; State Machine - |hw07_simpleCPU|y                                        ;
+---------+---------+--------+--------+--------+--------+--------+---------+
; Name    ; y.error ; y.run5 ; y.run4 ; y.run3 ; y.run2 ; y.run1 ; y.start ;
+---------+---------+--------+--------+--------+--------+--------+---------+
; y.start ; 0       ; 0      ; 0      ; 0      ; 0      ; 0      ; 0       ;
; y.run1  ; 0       ; 0      ; 0      ; 0      ; 0      ; 1      ; 1       ;
; y.run2  ; 0       ; 0      ; 0      ; 0      ; 1      ; 0      ; 1       ;
; y.run3  ; 0       ; 0      ; 0      ; 1      ; 0      ; 0      ; 1       ;
; y.run4  ; 0       ; 0      ; 1      ; 0      ; 0      ; 0      ; 1       ;
; y.run5  ; 0       ; 1      ; 0      ; 0      ; 0      ; 0      ; 1       ;
; y.error ; 1       ; 0      ; 0      ; 0      ; 0      ; 0      ; 1       ;
+---------+---------+--------+--------+--------+--------+--------+---------+


+------------------------------------------------------------+
; Registers Removed During Synthesis                         ;
+---------------------------------------+--------------------+
; Register name                         ; Reason for Removal ;
+---------------------------------------+--------------------+
; y.error                               ; Lost fanout        ;
; Total Number of Removed Registers = 1 ;                    ;
+---------------------------------------+--------------------+


+------------------------------------------------------+
; General Register Statistics                          ;
+----------------------------------------------+-------+
; Statistic                                    ; Value ;
+----------------------------------------------+-------+
; Total registers                              ; 55    ;
; Number of registers using Synchronous Clear  ; 0     ;
; Number of registers using Synchronous Load   ; 1     ;
; Number of registers using Asynchronous Clear ; 8     ;
; Number of registers using Asynchronous Load  ; 0     ;
; Number of registers using Clock Enable       ; 39    ;
; Number of registers using Preset             ; 0     ;
+----------------------------------------------+-------+


+-----------------------------------------------------------------------------------------------------------------------------------------------+
; Multiplexer Restructuring Statistics (Restructuring Performed)                                                                                ;
+--------------------+-----------+---------------+----------------------+------------------------+------------+---------------------------------+
; Multiplexer Inputs ; Bus Width ; Baseline Area ; Area if Restructured ; Saving if Restructured ; Registered ; Example Multiplexer Output      ;
+--------------------+-----------+---------------+----------------------+------------------------+------------+---------------------------------+
; 3:1                ; 3 bits    ; 6 LEs         ; 3 LEs                ; 3 LEs                  ; Yes        ; |hw07_simpleCPU|ledgico[0]~reg0 ;
; 33:1               ; 7 bits    ; 154 LEs       ; 49 LEs               ; 105 LEs                ; Yes        ; |hw07_simpleCPU|r1[4]           ;
; 33:1               ; 7 bits    ; 154 LEs       ; 49 LEs               ; 105 LEs                ; Yes        ; |hw07_simpleCPU|r2[6]           ;
; 33:1               ; 7 bits    ; 154 LEs       ; 49 LEs               ; 105 LEs                ; Yes        ; |hw07_simpleCPU|r3[2]           ;
; 33:1               ; 7 bits    ; 154 LEs       ; 49 LEs               ; 105 LEs                ; Yes        ; |hw07_simpleCPU|r0[7]           ;
; 4:1                ; 8 bits    ; 16 LEs        ; 8 LEs                ; 8 LEs                  ; Yes        ; |hw07_simpleCPU|bus1[6]         ;
; 4:1                ; 8 bits    ; 16 LEs        ; 16 LEs               ; 0 LEs                  ; No         ; |hw07_simpleCPU|Mux460          ;
; 4:1                ; 8 bits    ; 16 LEs        ; 16 LEs               ; 0 LEs                  ; No         ; |hw07_simpleCPU|Mux465          ;
+--------------------+-----------+---------------+----------------------+------------------------+------------+---------------------------------+


+-----------------------------------------------------+
; Post-Synthesis Netlist Statistics for Top Partition ;
+-----------------------+-----------------------------+
; Type                  ; Count                       ;
+-----------------------+-----------------------------+
; boundary_port         ; 67                          ;
; cycloneiii_ff         ; 55                          ;
;     ENA               ; 31                          ;
;     ENA CLR           ; 8                           ;
;     SLD               ; 1                           ;
;     plain             ; 15                          ;
; cycloneiii_io_obuf    ; 4                           ;
; cycloneiii_lcell_comb ; 394                         ;
;     arith             ; 28                          ;
;         3 data inputs ; 28                          ;
;     normal            ; 366                         ;
;         1 data inputs ; 1                           ;
;         2 data inputs ; 54                          ;
;         3 data inputs ; 34                          ;
;         4 data inputs ; 277                         ;
;                       ;                             ;
; Max LUT depth         ; 10.00                       ;
; Average LUT depth     ; 6.24                        ;
+-----------------------+-----------------------------+


+-------------------------------+
; Elapsed Time Per Partition    ;
+----------------+--------------+
; Partition Name ; Elapsed Time ;
+----------------+--------------+
; Top            ; 00:00:01     ;
+----------------+--------------+


+-------------------------------+
; Analysis & Synthesis Messages ;
+-------------------------------+
Info: *******************************************************************
Info: Running Quartus Prime Analysis & Synthesis
    Info: Version 18.1.0 Build 625 09/12/2018 SJ Lite Edition
    Info: Processing started: Wed Jan 12 14:18:34 2022
Info: Command: quartus_map --read_settings_files=on --write_settings_files=off hw07_simpleCPU -c hw07_simpleCPU
Warning (18236): Number of processors has not been specified which may cause overloading on shared machines.  Set the global assignment NUM_PARALLEL_PROCESSORS in your QSF to an appropriate value for best performance.
Info (20030): Parallel compilation is enabled and will use 4 of the 4 processors detected
Info (12021): Found 2 design units, including 1 entities, in source file hw07_simplecpu.vhd
    Info (12022): Found design unit 1: hw07_simpleCPU-LogicFunc File: C:/Users/JUYI/Desktop/110-1 Micro System/hw07/hw07_simpleCPU.vhd Line: 21
    Info (12023): Found entity 1: hw07_simpleCPU File: C:/Users/JUYI/Desktop/110-1 Micro System/hw07/hw07_simpleCPU.vhd Line: 7
Info (12021): Found 2 design units, including 1 entities, in source file seven.vhd
    Info (12022): Found design unit 1: seven-fun File: C:/Users/JUYI/Desktop/110-1 Micro System/hw07/seven.vhd Line: 11
    Info (12023): Found entity 1: seven File: C:/Users/JUYI/Desktop/110-1 Micro System/hw07/seven.vhd Line: 4
Info (12021): Found 1 design units, including 0 entities, in source file seven_package.vhd
    Info (12022): Found design unit 1: seven_package File: C:/Users/JUYI/Desktop/110-1 Micro System/hw07/seven_package.vhd Line: 4
Info (12127): Elaborating entity "hw07_simpleCPU" for the top level hierarchy
Warning (10492): VHDL Process Statement warning at hw07_simpleCPU.vhd(450): signal "ck" is read inside the Process Statement but isn't in the Process Statement's sensitivity list File: C:/Users/JUYI/Desktop/110-1 Micro System/hw07/hw07_simpleCPU.vhd Line: 450
Warning (10492): VHDL Process Statement warning at hw07_simpleCPU.vhd(451): signal "data" is read inside the Process Statement but isn't in the Process Statement's sensitivity list File: C:/Users/JUYI/Desktop/110-1 Micro System/hw07/hw07_simpleCPU.vhd Line: 451
Warning (10492): VHDL Process Statement warning at hw07_simpleCPU.vhd(455): signal "icrs" is read inside the Process Statement but isn't in the Process Statement's sensitivity list File: C:/Users/JUYI/Desktop/110-1 Micro System/hw07/hw07_simpleCPU.vhd Line: 455
Warning (10492): VHDL Process Statement warning at hw07_simpleCPU.vhd(457): signal "r0" is read inside the Process Statement but isn't in the Process Statement's sensitivity list File: C:/Users/JUYI/Desktop/110-1 Micro System/hw07/hw07_simpleCPU.vhd Line: 457
Warning (10492): VHDL Process Statement warning at hw07_simpleCPU.vhd(459): signal "r1" is read inside the Process Statement but isn't in the Process Statement's sensitivity list File: C:/Users/JUYI/Desktop/110-1 Micro System/hw07/hw07_simpleCPU.vhd Line: 459
Warning (10492): VHDL Process Statement warning at hw07_simpleCPU.vhd(461): signal "r2" is read inside the Process Statement but isn't in the Process Statement's sensitivity list File: C:/Users/JUYI/Desktop/110-1 Micro System/hw07/hw07_simpleCPU.vhd Line: 461
Warning (10492): VHDL Process Statement warning at hw07_simpleCPU.vhd(463): signal "r3" is read inside the Process Statement but isn't in the Process Statement's sensitivity list File: C:/Users/JUYI/Desktop/110-1 Micro System/hw07/hw07_simpleCPU.vhd Line: 463
Warning (10492): VHDL Process Statement warning at hw07_simpleCPU.vhd(465): signal "icrt" is read inside the Process Statement but isn't in the Process Statement's sensitivity list File: C:/Users/JUYI/Desktop/110-1 Micro System/hw07/hw07_simpleCPU.vhd Line: 465
Warning (10492): VHDL Process Statement warning at hw07_simpleCPU.vhd(467): signal "r0" is read inside the Process Statement but isn't in the Process Statement's sensitivity list File: C:/Users/JUYI/Desktop/110-1 Micro System/hw07/hw07_simpleCPU.vhd Line: 467
Warning (10492): VHDL Process Statement warning at hw07_simpleCPU.vhd(469): signal "r1" is read inside the Process Statement but isn't in the Process Statement's sensitivity list File: C:/Users/JUYI/Desktop/110-1 Micro System/hw07/hw07_simpleCPU.vhd Line: 469
Warning (10492): VHDL Process Statement warning at hw07_simpleCPU.vhd(471): signal "r2" is read inside the Process Statement but isn't in the Process Statement's sensitivity list File: C:/Users/JUYI/Desktop/110-1 Micro System/hw07/hw07_simpleCPU.vhd Line: 471
Warning (10492): VHDL Process Statement warning at hw07_simpleCPU.vhd(473): signal "r3" is read inside the Process Statement but isn't in the Process Statement's sensitivity list File: C:/Users/JUYI/Desktop/110-1 Micro System/hw07/hw07_simpleCPU.vhd Line: 473
Info (12128): Elaborating entity "seven" for hierarchy "seven:sevbus" File: C:/Users/JUYI/Desktop/110-1 Micro System/hw07/hw07_simpleCPU.vhd Line: 477
Warning (13039): The following bidirectional pins have no drivers
    Warning (13040): bidirectional pin "ico[0]" has no driver File: C:/Users/JUYI/Desktop/110-1 Micro System/hw07/hw07_simpleCPU.vhd Line: 11
    Warning (13040): bidirectional pin "ico[1]" has no driver File: C:/Users/JUYI/Desktop/110-1 Micro System/hw07/hw07_simpleCPU.vhd Line: 11
    Warning (13040): bidirectional pin "ico[2]" has no driver File: C:/Users/JUYI/Desktop/110-1 Micro System/hw07/hw07_simpleCPU.vhd Line: 11
    Warning (13040): bidirectional pin "ico[3]" has no driver File: C:/Users/JUYI/Desktop/110-1 Micro System/hw07/hw07_simpleCPU.vhd Line: 11
Warning (13004): Presettable and clearable registers converted to equivalent circuits with latches. Registers power-up to an undefined state, and DEVCLRn places the registers in an undefined state.
    Warning (13310): Register "bus1[0]" is converted into an equivalent circuit using register "bus1[0]~_emulated" and latch "bus1[0]~1" File: C:/Users/JUYI/Desktop/110-1 Micro System/hw07/hw07_simpleCPU.vhd Line: 35
    Warning (13310): Register "bus1[2]" is converted into an equivalent circuit using register "bus1[2]~_emulated" and latch "bus1[2]~5" File: C:/Users/JUYI/Desktop/110-1 Micro System/hw07/hw07_simpleCPU.vhd Line: 35
    Warning (13310): Register "bus1[1]" is converted into an equivalent circuit using register "bus1[1]~_emulated" and latch "bus1[1]~9" File: C:/Users/JUYI/Desktop/110-1 Micro System/hw07/hw07_simpleCPU.vhd Line: 35
    Warning (13310): Register "bus1[3]" is converted into an equivalent circuit using register "bus1[3]~_emulated" and latch "bus1[3]~13" File: C:/Users/JUYI/Desktop/110-1 Micro System/hw07/hw07_simpleCPU.vhd Line: 35
    Warning (13310): Register "bus1[6]" is converted into an equivalent circuit using register "bus1[6]~_emulated" and latch "bus1[6]~17" File: C:/Users/JUYI/Desktop/110-1 Micro System/hw07/hw07_simpleCPU.vhd Line: 35
    Warning (13310): Register "bus1[5]" is converted into an equivalent circuit using register "bus1[5]~_emulated" and latch "bus1[5]~21" File: C:/Users/JUYI/Desktop/110-1 Micro System/hw07/hw07_simpleCPU.vhd Line: 35
    Warning (13310): Register "bus1[4]" is converted into an equivalent circuit using register "bus1[4]~_emulated" and latch "bus1[4]~25" File: C:/Users/JUYI/Desktop/110-1 Micro System/hw07/hw07_simpleCPU.vhd Line: 35
    Warning (13310): Register "bus1[7]" is converted into an equivalent circuit using register "bus1[7]~_emulated" and latch "bus1[7]~29" File: C:/Users/JUYI/Desktop/110-1 Micro System/hw07/hw07_simpleCPU.vhd Line: 35
Info (286030): Timing-Driven Synthesis is running
Info (17049): 1 registers lost all their fanouts during netlist optimizations.
Info (16010): Generating hard_block partition "hard_block:auto_generated_inst"
    Info (16011): Adding 0 node(s), including 0 DDIO, 0 PLL, 0 transceiver and 0 LCELL
Info (21057): Implemented 465 device resources after synthesis - the final resource count might be different
    Info (21058): Implemented 13 input pins
    Info (21059): Implemented 50 output pins
    Info (21060): Implemented 4 bidirectional pins
    Info (21061): Implemented 398 logic cells
Info: Quartus Prime Analysis & Synthesis was successful. 0 errors, 28 warnings
    Info: Peak virtual memory: 4792 megabytes
    Info: Processing ended: Wed Jan 12 14:18:48 2022
    Info: Elapsed time: 00:00:14
    Info: Total CPU time (on all processors): 00:00:22


