Info: Start Nativelink Simulation process

========= EDA Simulation Settings =====================

Sim Mode              :  Gate
Family                :  cycloneive
Quartus root          :  c:/intelfpga_lite/18.1/quartus/bin64/
Quartus sim root      :  c:/intelfpga_lite/18.1/quartus/eda/sim_lib
Simulation Tool       :  modelsim-altera
Simulation Language   :  vhdl
Version               :  93
Simulation Mode       :  GUI
Sim Output File       :  lab3.vho
Sim SDF file          :  lab3__vhdl.sdo
Sim dir               :  simulation\modelsim

=======================================================

Info: Starting NativeLink simulation with ModelSim-Altera software
Sourced NativeLink script c:/intelfpga_lite/18.1/quartus/common/tcl/internal/nativelink/modelsim.tcl
Warning: File lab3_run_msim_gate_vhdl.do already exists - backing up current file as lab3_run_msim_gate_vhdl.do.bak7
Probing transcript
ModelSim-Altera Info: # Reading C:/intelFPGA/18.1/modelsim_ae/tcl/vsim/pref.tcl
ModelSim-Altera Info: # do lab3_run_msim_gate_vhdl.do
ModelSim-Altera Info: # if {[file exists gate_work]} {
ModelSim-Altera Info: # 	vdel -lib gate_work -all
ModelSim-Altera Info: # }
ModelSim-Altera Info: # vlib gate_work
ModelSim-Altera Info: # vmap work gate_work
ModelSim-Altera Info: # Model Technology ModelSim - Intel FPGA Edition vmap 10.5b Lib Mapping Utility 2016.10 Oct  5 2016
ModelSim-Altera Info: # vmap work gate_work 
ModelSim-Altera Info: # Copying C:/intelFPGA/18.1/modelsim_ae/win32aloem/../modelsim.ini to modelsim.ini
ModelSim-Altera Info: # Modifying modelsim.ini
ModelSim-Altera Info: # 
ModelSim-Altera Info: # vcom -93 -work work {lab3.vho}
ModelSim-Altera Info: # Model Technology ModelSim - Intel FPGA Edition vcom 10.5b Compiler 2016.10 Oct  5 2016
ModelSim-Altera Info: # Start time: 16:13:28 on Nov 08,2021
ModelSim-Altera Info: # vcom -reportprogress 300 -93 -work work lab3.vho 
ModelSim-Altera Info: # -- Loading package STANDARD
ModelSim-Altera Info: # -- Loading package TEXTIO
ModelSim-Altera Info: # -- Loading package std_logic_1164
ModelSim-Altera Info: # -- Loading package VITAL_Timing
ModelSim-Altera Info: # -- Loading package VITAL_Primitives
ModelSim-Altera Info: # -- Loading package cycloneive_atom_pack
ModelSim-Altera Info: # -- Loading package cycloneive_components
ModelSim-Altera Info: # -- Compiling entity hard_block
ModelSim-Altera Info: # -- Compiling architecture structure of hard_block
ModelSim-Altera Info: # -- Compiling entity lab3
ModelSim-Altera Info: # -- Compiling architecture structure of lab3
ModelSim-Altera Info: # End time: 16:13:28 on Nov 08,2021, Elapsed time: 0:00:00
ModelSim-Altera Info: # Errors: 0, Warnings: 0
ModelSim-Altera Info: # 
ModelSim-Altera Info: # vcom -93 -work work {C:/Users/JUYI/Desktop/110-1 Micro System/lab3/one_bit_ALU.vhd}
ModelSim-Altera Info: # Model Technology ModelSim - Intel FPGA Edition vcom 10.5b Compiler 2016.10 Oct  5 2016
ModelSim-Altera Info: # Start time: 16:13:28 on Nov 08,2021
ModelSim-Altera Info: # vcom -reportprogress 300 -93 -work work C:/Users/JUYI/Desktop/110-1 Micro System/lab3/one_bit_ALU.vhd 
ModelSim-Altera Info: # -- Loading package STANDARD
ModelSim-Altera Info: # -- Loading package TEXTIO
ModelSim-Altera Info: # -- Loading package std_logic_1164
ModelSim-Altera Error: # ** Error: (vcom-11) Could not find work.fulladder2_package.
ModelSim-Altera Info: # ** Error (suppressible): C:/Users/JUYI/Desktop/110-1 Micro System/lab3/one_bit_ALU.vhd(4): (vcom-1195) Cannot find expanded name "work.fulladder2_package".
ModelSim-Altera Error: # ** Error: C:/Users/JUYI/Desktop/110-1 Micro System/lab3/one_bit_ALU.vhd(4): Unknown expanded name.
ModelSim-Altera Error: # ** Error: (vcom-11) Could not find work.mux2to1_package.
ModelSim-Altera Info: # ** Error (suppressible): C:/Users/JUYI/Desktop/110-1 Micro System/lab3/one_bit_ALU.vhd(5): (vcom-1195) Cannot find expanded name "work.mux2to1_package".
ModelSim-Altera Error: # ** Error: C:/Users/JUYI/Desktop/110-1 Micro System/lab3/one_bit_ALU.vhd(5): Unknown expanded name.
ModelSim-Altera Error: # ** Error: (vcom-11) Could not find work.mux4to1_package.
ModelSim-Altera Info: # ** Error (suppressible): C:/Users/JUYI/Desktop/110-1 Micro System/lab3/one_bit_ALU.vhd(6): (vcom-1195) Cannot find expanded name "work.mux4to1_package".
ModelSim-Altera Error: # ** Error: C:/Users/JUYI/Desktop/110-1 Micro System/lab3/one_bit_ALU.vhd(6): Unknown expanded name.
ModelSim-Altera Error: # ** Error: C:/Users/JUYI/Desktop/110-1 Micro System/lab3/one_bit_ALU.vhd(8): VHDL Compiler exiting
ModelSim-Altera Info: # End time: 16:13:28 on Nov 08,2021, Elapsed time: 0:00:00
ModelSim-Altera Info: # Errors: 10, Warnings: 0
ModelSim-Altera Error: # ** Error: C:/intelFPGA/18.1/modelsim_ae/win32aloem/vcom failed.
ModelSim-Altera Info: # Error in macro ./lab3_run_msim_gate_vhdl.do line 10
ModelSim-Altera Info: # C:/intelFPGA/18.1/modelsim_ae/win32aloem/vcom failed.
ModelSim-Altera Info: #     while executing
ModelSim-Altera Info: # "vcom -93 -work work {C:/Users/JUYI/Desktop/110-1 Micro System/lab3/one_bit_ALU.vhd}"
Error: Errors encountered while running modelsim do file
Error: NativeLink simulation flow was NOT successful



================The following additional information is provided to help identify the cause of error while running nativelink scripts=================
Nativelink TCL script failed with errorCode:  1
Nativelink TCL script failed with errorInfo:  1
    (procedure "launch_sim" line 1)
    invoked from within
"launch_sim launch_args_hash"
    ("eval" body line 1)
    invoked from within
"eval launch_sim launch_args_hash"
    invoked from within
"if [ info exists ::errorCode ] {
                set savedCode $::errorCode
                set savedInfo $::errorInfo
                error $result $..."
    invoked from within
"if [catch {eval launch_sim launch_args_hash} result ] {
            set status 1
            if [ info exists ::errorCode ] {
                set save..."
    (procedure "run_sim" line 74)
    invoked from within
"run_sim run_sim_args_hash"
    invoked from within
"if [ info exists ::errorCode ] {
            set savedCode $::errorCode
            set savedInfo $::errorInfo
            error "$result" $savedInfo ..."
    (procedure "run_eda_simulation_tool" line 334)
    invoked from within
"run_eda_simulation_tool eda_opts_hash"
